<?xml version="1.0" encoding="UTF-8"?>
<!-- Generated by org.testng.reporters.JUnitXMLReporter -->
<testsuite ignored="0" hostname="DESKTOP-LG2LKO2" failures="0" tests="4" name="Surefire test" time="0.067" errors="0" timestamp="2019-11-24T01:44:24 IST">
  <testcase classname="mvnpackage.RestApiTest" name="deleteTwitter" time="0.012"/>
  <testcase classname="mvnpackage.RestApiTest" name="postjira" time="0.001"/>
  <testcase classname="mvnpackage.seleniumjavaTest" name="Browserautomation" time="0.0"/>
  <testcase classname="mvnpackage.seleniumjavaTest" name="Elementsui" time="0.001"/>
</testsuite> <!-- Surefire test -->
