<?xml version="1.0" encoding="UTF-8"?>
<!-- Generated by org.testng.reporters.JUnitXMLReporter -->
<testsuite ignored="0" hostname="DESKTOP-LG2LKO2" failures="0" tests="6" name="Test" time="0.095" errors="0" timestamp="2019-11-24T19:08:00 IST">
  <testcase classname="mvnpackage.AppiumTest" name="Androidapp" time="0.011"/>
  <testcase classname="mvnpackage.AppiumTest" name="IOSapp" time="0.001"/>
  <testcase classname="mvnpackage.seleniumjavaTest" name="Browserautomation" time="0.0"/>
  <testcase classname="mvnpackage.seleniumjavaTest" name="Elementsui" time="0.001"/>
  <testcase classname="mvnpackage.RestApiTest" name="deleteTwitter" time="0.0"/>
  <testcase classname="mvnpackage.RestApiTest" name="postjira" time="0.001"/>
</testsuite> <!-- Test -->
