<?xml version="1.0" encoding="UTF-8"?>
<testng-results ignored="0" total="6" passed="6" failed="0" skipped="0">
  <reporter-output>
  </reporter-output>
  <suite started-at="2019-11-24T19:09:02 IST" name="Command line suite" finished-at="2019-11-24T19:09:02 IST" duration-ms="54">
    <groups>
    </groups>
    <test started-at="2019-11-24T19:09:02 IST" name="Command line test" finished-at="2019-11-24T19:09:02 IST" duration-ms="54">
      <class name="mvnpackage.seleniumjavaTest">
        <test-method signature="Browserautomation()[pri:0, instance:mvnpackage.seleniumjavaTest@20ce78ec]" started-at="2019-11-24T19:09:02 IST" name="Browserautomation" finished-at="2019-11-24T19:09:02 IST" duration-ms="1" status="PASS">
          <reporter-output>
          </reporter-output>
        </test-method> <!-- Browserautomation -->
        <test-method signature="Elementsui()[pri:0, instance:mvnpackage.seleniumjavaTest@20ce78ec]" started-at="2019-11-24T19:09:02 IST" name="Elementsui" finished-at="2019-11-24T19:09:02 IST" duration-ms="1" status="PASS">
          <reporter-output>
          </reporter-output>
        </test-method> <!-- Elementsui -->
      </class> <!-- mvnpackage.seleniumjavaTest -->
      <class name="mvnpackage.AppiumTest">
        <test-method signature="Androidapp()[pri:0, instance:mvnpackage.AppiumTest@1dde4cb2]" started-at="2019-11-24T19:09:02 IST" name="Androidapp" finished-at="2019-11-24T19:09:02 IST" duration-ms="8" status="PASS">
          <reporter-output>
          </reporter-output>
        </test-method> <!-- Androidapp -->
        <test-method signature="IOSapp()[pri:0, instance:mvnpackage.AppiumTest@1dde4cb2]" started-at="2019-11-24T19:09:02 IST" name="IOSapp" finished-at="2019-11-24T19:09:02 IST" duration-ms="2" status="PASS">
          <reporter-output>
          </reporter-output>
        </test-method> <!-- IOSapp -->
      </class> <!-- mvnpackage.AppiumTest -->
      <class name="mvnpackage.RestApiTest">
        <test-method signature="deleteTwitter()[pri:0, instance:mvnpackage.RestApiTest@7714e963]" started-at="2019-11-24T19:09:02 IST" name="deleteTwitter" finished-at="2019-11-24T19:09:02 IST" duration-ms="1" status="PASS">
          <reporter-output>
          </reporter-output>
        </test-method> <!-- deleteTwitter -->
        <test-method signature="postjira()[pri:0, instance:mvnpackage.RestApiTest@7714e963]" started-at="2019-11-24T19:09:02 IST" name="postjira" finished-at="2019-11-24T19:09:02 IST" duration-ms="1" status="PASS">
          <reporter-output>
          </reporter-output>
        </test-method> <!-- postjira -->
      </class> <!-- mvnpackage.RestApiTest -->
    </test> <!-- Command line test -->
  </suite> <!-- Command line suite -->
</testng-results>
